[2019-12-20T16:54:09.715] [DEBUG] cheese - login => username:zs,password:123456
[2019-12-20T16:54:09.716] [DEBUG] cheese - zs
[2019-12-20T16:54:09.824] [DEBUG] cheese - null
[2019-12-20T16:54:09.825] [DEBUG] cheese - null
[2019-12-20T16:54:55.412] [DEBUG] cheese - login => username:admin,password:123456
[2019-12-20T16:54:55.412] [DEBUG] cheese - admin
[2019-12-20T16:54:55.419] [DEBUG] cheese - null
[2019-12-20T16:54:55.420] [DEBUG] cheese - null
[2019-12-21T13:43:05.272] [DEBUG] cheese - login => username:admin,password:123456
[2019-12-21T13:43:05.274] [DEBUG] cheese - admin
[2019-12-21T13:43:05.412] [DEBUG] cheese - null
[2019-12-21T13:43:05.413] [DEBUG] cheese - null
[2019-12-21T13:46:00.904] [DEBUG] cheese - login => username:admin,password:123456
[2019-12-21T13:46:00.904] [DEBUG] cheese - admin
[2019-12-21T13:46:00.908] [DEBUG] cheese - null
[2019-12-21T13:46:00.908] [DEBUG] cheese - null
[2019-12-21T13:57:27.680] [DEBUG] cheese - login => username:admin,password:123456
[2019-12-21T13:57:27.680] [DEBUG] cheese - admin
[2019-12-21T13:57:27.684] [DEBUG] cheese - null
[2019-12-21T13:57:27.684] [DEBUG] cheese - null
[2019-12-21T14:00:16.588] [DEBUG] cheese - login => username:admin,password:123456
[2019-12-21T14:00:16.588] [DEBUG] cheese - admin
[2019-12-21T14:00:16.594] [DEBUG] cheese - null
[2019-12-21T14:00:16.594] [DEBUG] cheese - null
[2019-12-21T14:00:45.265] [DEBUG] cheese - login => username:admin,password:123456
[2019-12-21T14:00:45.265] [DEBUG] cheese - admin
[2019-12-21T14:00:45.271] [DEBUG] cheese - null
[2019-12-21T14:00:45.271] [DEBUG] cheese - null
[2019-12-21T14:13:29.200] [DEBUG] cheese - login => username:admin,password:123456
[2019-12-21T14:13:29.201] [DEBUG] cheese - admin
[2019-12-21T14:13:29.206] [DEBUG] cheese - null
[2019-12-21T14:13:29.206] [DEBUG] cheese - null
[2019-12-21T14:14:41.141] [DEBUG] cheese - login => username:admin,password:123456
[2019-12-21T14:14:41.141] [DEBUG] cheese - admin
[2019-12-21T14:14:41.144] [DEBUG] cheese - null
[2019-12-21T14:14:41.144] [DEBUG] cheese - null
[2019-12-21T14:14:44.442] [DEBUG] cheese - login => username:admin,password:123456
[2019-12-21T14:14:44.443] [DEBUG] cheese - admin
[2019-12-21T14:14:44.445] [DEBUG] cheese - null
[2019-12-21T14:14:44.445] [DEBUG] cheese - null
[2019-12-21T14:18:31.867] [DEBUG] cheese - login => username:admin,password:123456
[2019-12-21T14:18:31.867] [DEBUG] cheese - admin
[2019-12-21T14:18:31.873] [DEBUG] cheese - null
[2019-12-21T14:18:31.873] [DEBUG] cheese - null
[2019-12-21T14:19:07.338] [DEBUG] cheese - login => username:admin,password:123456
[2019-12-21T14:19:07.339] [DEBUG] cheese - admin
[2019-12-21T14:19:07.346] [DEBUG] cheese - null
[2019-12-21T14:19:07.346] [DEBUG] cheese - null
[2019-12-21T14:20:06.791] [DEBUG] cheese - login => username:admin,password:123456
[2019-12-21T14:20:06.791] [DEBUG] cheese - admin
[2019-12-21T14:20:06.800] [DEBUG] cheese - null
[2019-12-21T14:20:06.800] [DEBUG] cheese - null
[2019-12-21T14:21:02.856] [DEBUG] cheese - login => username:admin,password:123456
[2019-12-21T14:21:02.856] [DEBUG] cheese - admin
[2019-12-21T14:21:02.861] [DEBUG] cheese - null
[2019-12-21T14:21:02.861] [DEBUG] cheese - null
[2019-12-21T14:21:27.940] [DEBUG] cheese - login => username:admin,password:123456
[2019-12-21T14:21:27.941] [DEBUG] cheese - admin
[2019-12-21T14:21:27.946] [DEBUG] cheese - null
[2019-12-21T14:21:27.946] [DEBUG] cheese - null
[2019-12-21T14:21:32.387] [DEBUG] cheese - login => username:admin,password:123456
[2019-12-21T14:21:32.387] [DEBUG] cheese - admin
[2019-12-21T14:21:32.392] [DEBUG] cheese - null
[2019-12-21T14:21:32.392] [DEBUG] cheese - null
[2019-12-21T14:23:32.998] [DEBUG] cheese - login => username:admin,password:123456
[2019-12-21T14:23:32.998] [DEBUG] cheese - admin
[2019-12-21T14:23:33.002] [DEBUG] cheese - null
[2019-12-21T14:23:33.002] [DEBUG] cheese - null
[2019-12-21T14:23:57.603] [DEBUG] cheese - login => username:admin,password:123456
[2019-12-21T14:23:57.603] [DEBUG] cheese - admin
[2019-12-21T14:23:57.607] [DEBUG] cheese - null
[2019-12-21T14:23:57.608] [DEBUG] cheese - null
[2019-12-21T14:24:26.759] [DEBUG] cheese - login => username:admin,password:123456
[2019-12-21T14:24:26.759] [DEBUG] cheese - admin
[2019-12-21T14:24:26.763] [DEBUG] cheese - null
[2019-12-21T14:24:26.763] [DEBUG] cheese - null
[2019-12-21T14:31:00.109] [DEBUG] cheese - login => username:admin,password:123456
[2019-12-21T14:31:00.109] [DEBUG] cheese - admin
[2019-12-21T14:31:00.114] [DEBUG] cheese - null
[2019-12-21T14:31:00.114] [DEBUG] cheese - null
[2019-12-21T14:31:01.351] [DEBUG] cheese - login => username:admin,password:123456
[2019-12-21T14:31:01.351] [DEBUG] cheese - admin
[2019-12-21T14:31:01.355] [DEBUG] cheese - null
[2019-12-21T14:31:01.356] [DEBUG] cheese - null
[2019-12-21T14:31:21.270] [DEBUG] cheese - login => username:admin,password:123456
[2019-12-21T14:31:21.270] [DEBUG] cheese - admin
[2019-12-21T14:31:21.274] [DEBUG] cheese - null
[2019-12-21T14:31:21.274] [DEBUG] cheese - null
[2019-12-21T14:31:22.214] [DEBUG] cheese - login => username:admin,password:123456
[2019-12-21T14:31:22.214] [DEBUG] cheese - admin
[2019-12-21T14:31:22.219] [DEBUG] cheese - null
[2019-12-21T14:31:22.220] [DEBUG] cheese - null
[2019-12-21T14:31:26.477] [DEBUG] cheese - login => username:admin,password:123456
[2019-12-21T14:31:26.477] [DEBUG] cheese - admin
[2019-12-21T14:31:26.479] [DEBUG] cheese - null
[2019-12-21T14:31:26.480] [DEBUG] cheese - null
[2019-12-21T14:31:35.061] [DEBUG] cheese - login => username:admin,password:123456
[2019-12-21T14:31:35.061] [DEBUG] cheese - admin
[2019-12-21T14:31:35.066] [DEBUG] cheese - null
[2019-12-21T14:31:35.066] [DEBUG] cheese - null
[2019-12-21T14:32:48.629] [DEBUG] cheese - login => username:admin,password:123456
[2019-12-21T14:32:48.629] [DEBUG] cheese - admin
[2019-12-21T14:32:48.634] [DEBUG] cheese - null
[2019-12-21T14:32:48.634] [DEBUG] cheese - null
[2019-12-21T14:32:49.733] [DEBUG] cheese - login => username:admin,password:123456
[2019-12-21T14:32:49.733] [DEBUG] cheese - admin
[2019-12-21T14:32:49.742] [DEBUG] cheese - null
[2019-12-21T14:32:49.742] [DEBUG] cheese - null
[2019-12-21T14:35:56.948] [DEBUG] cheese - login => username:admin,password:123456
[2019-12-21T14:35:56.948] [DEBUG] cheese - admin
[2019-12-21T14:35:56.955] [DEBUG] cheese - null
[2019-12-21T14:35:56.955] [DEBUG] cheese - null
[2019-12-21T14:37:33.463] [DEBUG] cheese - login => username:admin,password:123456
[2019-12-21T14:37:33.463] [DEBUG] cheese - admin
[2019-12-21T14:37:33.466] [DEBUG] cheese - null
[2019-12-21T14:37:33.466] [DEBUG] cheese - null
[2019-12-21T14:39:49.752] [DEBUG] cheese - login => username:admin,password:123456
[2019-12-21T14:39:49.752] [DEBUG] cheese - admin
[2019-12-21T14:39:49.759] [DEBUG] cheese - null
[2019-12-21T14:39:49.759] [DEBUG] cheese - null
[2019-12-21T14:41:11.551] [DEBUG] cheese - login => username:admin,password:123456
[2019-12-21T14:41:11.551] [DEBUG] cheese - admin
[2019-12-21T14:41:11.553] [DEBUG] cheese - null
[2019-12-21T14:41:11.553] [DEBUG] cheese - null
[2019-12-21T14:41:12.377] [DEBUG] cheese - login => username:admin,password:123456
[2019-12-21T14:41:12.377] [DEBUG] cheese - admin
[2019-12-21T14:41:12.382] [DEBUG] cheese - null
[2019-12-21T14:41:12.382] [DEBUG] cheese - null
[2019-12-21T14:41:17.069] [DEBUG] cheese - login => username:admin,password:123456
[2019-12-21T14:41:17.069] [DEBUG] cheese - admin
[2019-12-21T14:41:17.072] [DEBUG] cheese - null
[2019-12-21T14:41:17.072] [DEBUG] cheese - null
[2019-12-21T14:47:39.468] [DEBUG] cheese - login => username:admin,password:123456
[2019-12-21T14:47:39.468] [DEBUG] cheese - admin
[2019-12-21T14:47:39.472] [DEBUG] cheese - null
[2019-12-21T14:47:39.472] [DEBUG] cheese - null
[2019-12-21T14:47:41.696] [DEBUG] cheese - login => username:admin,password:123456
[2019-12-21T14:47:41.697] [DEBUG] cheese - admin
[2019-12-21T14:47:41.704] [DEBUG] cheese - null
[2019-12-21T14:47:41.705] [DEBUG] cheese - null
[2019-12-21T14:49:15.213] [DEBUG] cheese - login => username:admin,password:123456
[2019-12-21T14:49:15.213] [DEBUG] cheese - admin
[2019-12-21T14:49:15.219] [DEBUG] cheese - null
[2019-12-21T14:49:15.220] [DEBUG] cheese - null
[2019-12-21T14:49:16.253] [DEBUG] cheese - login => username:admin,password:123456
[2019-12-21T14:49:16.254] [DEBUG] cheese - admin
[2019-12-21T14:49:16.260] [DEBUG] cheese - null
[2019-12-21T14:49:16.260] [DEBUG] cheese - null
[2019-12-21T14:49:23.487] [DEBUG] cheese - login => username:admin,password:123456
[2019-12-21T14:49:23.487] [DEBUG] cheese - admin
[2019-12-21T14:49:23.490] [DEBUG] cheese - null
[2019-12-21T14:49:23.490] [DEBUG] cheese - null
[2019-12-21T14:50:01.789] [DEBUG] cheese - login => username:admin,password:123456
[2019-12-21T14:50:01.789] [DEBUG] cheese - admin
[2019-12-21T14:50:01.792] [DEBUG] cheese - null
[2019-12-21T14:50:01.793] [DEBUG] cheese - null
[2019-12-21T14:50:02.983] [DEBUG] cheese - login => username:admin,password:123456
[2019-12-21T14:50:02.983] [DEBUG] cheese - admin
[2019-12-21T14:50:02.990] [DEBUG] cheese - null
[2019-12-21T14:50:02.990] [DEBUG] cheese - null
[2019-12-21T14:50:03.921] [DEBUG] cheese - login => username:admin,password:123456
[2019-12-21T14:50:03.921] [DEBUG] cheese - admin
[2019-12-21T14:50:03.926] [DEBUG] cheese - null
[2019-12-21T14:50:03.926] [DEBUG] cheese - null
[2019-12-21T14:50:04.663] [DEBUG] cheese - login => username:admin,password:123456
[2019-12-21T14:50:04.663] [DEBUG] cheese - admin
[2019-12-21T14:50:04.673] [DEBUG] cheese - null
[2019-12-21T14:50:04.673] [DEBUG] cheese - null
[2019-12-21T14:50:04.894] [DEBUG] cheese - login => username:admin,password:123456
[2019-12-21T14:50:04.894] [DEBUG] cheese - admin
[2019-12-21T14:50:04.902] [DEBUG] cheese - null
[2019-12-21T14:50:04.902] [DEBUG] cheese - null
[2019-12-21T14:50:05.980] [DEBUG] cheese - login => username:admin,password:123456
[2019-12-21T14:50:05.980] [DEBUG] cheese - admin
[2019-12-21T14:50:05.989] [DEBUG] cheese - null
[2019-12-21T14:50:05.989] [DEBUG] cheese - null
[2019-12-21T14:50:06.238] [DEBUG] cheese - login => username:admin,password:123456
[2019-12-21T14:50:06.239] [DEBUG] cheese - admin
[2019-12-21T14:50:06.242] [DEBUG] cheese - null
[2019-12-21T14:50:06.242] [DEBUG] cheese - null
[2019-12-21T14:53:37.634] [DEBUG] cheese - login => username:admin,password:123456
[2019-12-21T14:53:37.634] [DEBUG] cheese - admin
[2019-12-21T14:53:37.640] [DEBUG] cheese - null
[2019-12-21T14:53:37.640] [DEBUG] cheese - null
[2019-12-21T15:00:57.203] [DEBUG] cheese - login => username:admin,password:123456
[2019-12-21T15:00:57.204] [DEBUG] cheese - admin
[2019-12-21T15:00:57.209] [DEBUG] cheese - null
[2019-12-21T15:00:57.209] [DEBUG] cheese - null
[2019-12-21T15:01:03.964] [DEBUG] cheese - login => username:admin,password:123456
[2019-12-21T15:01:03.967] [DEBUG] cheese - admin
[2019-12-21T15:01:03.971] [DEBUG] cheese - null
[2019-12-21T15:01:03.971] [DEBUG] cheese - null
[2019-12-21T15:01:18.242] [DEBUG] cheese - login => username:admin,password:123456
[2019-12-21T15:01:18.243] [DEBUG] cheese - admin
[2019-12-21T15:01:18.245] [DEBUG] cheese - null
[2019-12-21T15:01:18.245] [DEBUG] cheese - null
[2019-12-21T15:06:38.623] [DEBUG] cheese - login => username:admin,password:123456
[2019-12-21T15:06:38.623] [DEBUG] cheese - admin
[2019-12-21T15:06:38.630] [DEBUG] cheese - null
[2019-12-21T15:06:38.630] [DEBUG] cheese - null
[2019-12-21T15:08:21.183] [DEBUG] cheese - login => username:admin,password:123456
[2019-12-21T15:08:21.183] [DEBUG] cheese - admin
[2019-12-21T15:08:21.186] [DEBUG] cheese - null
[2019-12-21T15:08:21.186] [DEBUG] cheese - null
[2019-12-21T15:09:29.523] [DEBUG] cheese - login => username:admin,password:123456
[2019-12-21T15:09:29.523] [DEBUG] cheese - admin
[2019-12-21T15:09:29.527] [DEBUG] cheese - null
[2019-12-21T15:09:29.530] [DEBUG] cheese - null
[2019-12-21T15:12:23.776] [DEBUG] cheese - login => username:admin,password:123456
[2019-12-21T15:12:23.776] [DEBUG] cheese - admin
[2019-12-21T15:12:23.784] [DEBUG] cheese - null
[2019-12-21T15:12:23.784] [DEBUG] cheese - null
[2019-12-21T15:17:27.965] [DEBUG] cheese - login => username:admin,password:123456
[2019-12-21T15:17:27.965] [DEBUG] cheese - admin
[2019-12-21T15:17:27.976] [DEBUG] cheese - null
[2019-12-21T15:17:27.976] [DEBUG] cheese - null
[2019-12-21T15:22:25.778] [DEBUG] cheese - login => username:admin,password:123456
[2019-12-21T15:22:25.779] [DEBUG] cheese - admin
[2019-12-21T15:22:25.783] [DEBUG] cheese - null
[2019-12-21T15:22:25.783] [DEBUG] cheese - null
[2019-12-21T15:42:42.806] [DEBUG] cheese - login => username:admin,password:123456
[2019-12-21T15:42:42.806] [DEBUG] cheese - admin
[2019-12-21T15:42:42.812] [DEBUG] cheese - null
[2019-12-21T15:42:42.813] [DEBUG] cheese - null
[2019-12-21T15:42:46.091] [DEBUG] cheese - login => username:admin,password:123456
[2019-12-21T15:42:46.091] [DEBUG] cheese - admin
[2019-12-21T15:42:46.095] [DEBUG] cheese - null
[2019-12-21T15:42:46.095] [DEBUG] cheese - null
[2019-12-21T15:45:51.992] [DEBUG] cheese - login => username:admin,password:123456
[2019-12-21T15:45:51.992] [DEBUG] cheese - admin
[2019-12-21T15:45:51.996] [DEBUG] cheese - null
[2019-12-21T15:45:51.996] [DEBUG] cheese - null
[2019-12-21T15:50:43.808] [DEBUG] cheese - login => username:admin,password:12345123132
[2019-12-21T15:50:43.809] [DEBUG] cheese - admin
[2019-12-21T15:50:43.818] [DEBUG] cheese - null
[2019-12-21T15:50:43.819] [DEBUG] cheese - null
[2019-12-21T15:50:44.925] [DEBUG] cheese - login => username:admin,password:12345123132
[2019-12-21T15:50:44.925] [DEBUG] cheese - admin
[2019-12-21T15:50:44.934] [DEBUG] cheese - null
[2019-12-21T15:50:44.934] [DEBUG] cheese - null
[2019-12-21T15:50:45.669] [DEBUG] cheese - login => username:admin,password:12345123132
[2019-12-21T15:50:45.669] [DEBUG] cheese - admin
[2019-12-21T15:50:45.673] [DEBUG] cheese - null
[2019-12-21T15:50:45.673] [DEBUG] cheese - null
[2019-12-21T15:50:45.892] [DEBUG] cheese - login => username:admin,password:12345123132
[2019-12-21T15:50:45.892] [DEBUG] cheese - admin
[2019-12-21T15:50:45.895] [DEBUG] cheese - null
[2019-12-21T15:50:45.895] [DEBUG] cheese - null
[2019-12-21T15:50:46.121] [DEBUG] cheese - login => username:admin,password:12345123132
[2019-12-21T15:50:46.121] [DEBUG] cheese - admin
[2019-12-21T15:50:46.125] [DEBUG] cheese - null
[2019-12-21T15:50:46.126] [DEBUG] cheese - null
[2019-12-21T15:50:46.353] [DEBUG] cheese - login => username:admin,password:12345123132
[2019-12-21T15:50:46.353] [DEBUG] cheese - admin
[2019-12-21T15:50:46.356] [DEBUG] cheese - null
[2019-12-21T15:50:46.356] [DEBUG] cheese - null
[2019-12-21T15:50:47.986] [DEBUG] cheese - login => username:admin,password:12345123132
[2019-12-21T15:50:47.986] [DEBUG] cheese - admin
[2019-12-21T15:50:47.991] [DEBUG] cheese - null
[2019-12-21T15:50:47.992] [DEBUG] cheese - null
[2019-12-21T15:55:49.490] [DEBUG] cheese - login => username:admin,password:123456
[2019-12-21T15:55:49.490] [DEBUG] cheese - admin
[2019-12-21T15:55:49.496] [DEBUG] cheese - null
[2019-12-21T15:55:49.496] [DEBUG] cheese - null
[2019-12-21T15:55:51.706] [DEBUG] cheese - login => username:admin,password:123456
[2019-12-21T15:55:51.706] [DEBUG] cheese - admin
[2019-12-21T15:55:51.708] [DEBUG] cheese - null
[2019-12-21T15:55:51.708] [DEBUG] cheese - null
[2019-12-21T15:55:52.555] [DEBUG] cheese - login => username:admin,password:123456
[2019-12-21T15:55:52.555] [DEBUG] cheese - admin
[2019-12-21T15:55:52.557] [DEBUG] cheese - null
[2019-12-21T15:55:52.557] [DEBUG] cheese - null
[2019-12-21T15:55:52.844] [DEBUG] cheese - login => username:admin,password:123456
[2019-12-21T15:55:52.844] [DEBUG] cheese - admin
[2019-12-21T15:55:52.848] [DEBUG] cheese - null
[2019-12-21T15:55:52.848] [DEBUG] cheese - null
[2019-12-21T15:55:53.084] [DEBUG] cheese - login => username:admin,password:123456
[2019-12-21T15:55:53.084] [DEBUG] cheese - admin
[2019-12-21T15:55:53.086] [DEBUG] cheese - null
[2019-12-21T15:55:53.086] [DEBUG] cheese - null
[2019-12-21T15:55:53.299] [DEBUG] cheese - login => username:admin,password:123456
[2019-12-21T15:55:53.299] [DEBUG] cheese - admin
[2019-12-21T15:55:53.303] [DEBUG] cheese - null
[2019-12-21T15:55:53.303] [DEBUG] cheese - null
[2019-12-21T15:55:53.511] [DEBUG] cheese - login => username:admin,password:123456
[2019-12-21T15:55:53.511] [DEBUG] cheese - admin
[2019-12-21T15:55:53.514] [DEBUG] cheese - null
[2019-12-21T15:55:53.514] [DEBUG] cheese - null
[2019-12-21T15:57:34.790] [DEBUG] cheese - login => username:admin,password:123456
[2019-12-21T15:57:34.790] [DEBUG] cheese - admin
[2019-12-21T15:57:34.792] [DEBUG] cheese - null
[2019-12-21T15:57:34.793] [DEBUG] cheese - null
[2019-12-21T16:00:30.517] [DEBUG] cheese - login => username:admin,password:123456
[2019-12-21T16:00:30.517] [DEBUG] cheese - admin
[2019-12-21T16:00:30.520] [DEBUG] cheese - null
[2019-12-21T16:00:30.520] [DEBUG] cheese - null
[2019-12-21T16:01:17.656] [DEBUG] cheese - login => username:admin,password:123456
[2019-12-21T16:01:17.656] [DEBUG] cheese - admin
[2019-12-21T16:01:17.662] [DEBUG] cheese - null
[2019-12-21T16:01:17.663] [DEBUG] cheese - null
[2019-12-21T16:40:13.898] [DEBUG] cheese - login => username:admin,password:123456
[2019-12-21T16:40:13.899] [DEBUG] cheese - admin
[2019-12-21T16:40:13.911] [DEBUG] cheese - null
[2019-12-21T16:40:13.911] [DEBUG] cheese - null
[2019-12-21T16:40:17.955] [DEBUG] cheese - login => username:admin,password:123456
[2019-12-21T16:40:17.956] [DEBUG] cheese - admin
[2019-12-21T16:40:17.960] [DEBUG] cheese - null
[2019-12-21T16:40:17.960] [DEBUG] cheese - null
[2019-12-21T16:44:37.036] [DEBUG] cheese - login => username:admin,password:123456
[2019-12-21T16:44:37.037] [DEBUG] cheese - admin
[2019-12-21T16:44:37.043] [DEBUG] cheese - null
[2019-12-21T16:44:37.043] [DEBUG] cheese - null
[2019-12-22T07:58:35.803] [DEBUG] cheese - login => username:admin,password:123456
[2019-12-22T07:58:35.804] [DEBUG] cheese - admin
[2019-12-22T07:58:36.003] [DEBUG] cheese - null
[2019-12-22T07:58:36.004] [DEBUG] cheese - null
[2019-12-22T08:30:08.085] [DEBUG] cheese - login => username:admin,password:123456
[2019-12-22T08:30:08.086] [DEBUG] cheese - admin
[2019-12-22T08:30:08.093] [DEBUG] cheese - null
[2019-12-22T08:30:08.094] [DEBUG] cheese - null
[2019-12-22T08:31:57.463] [DEBUG] cheese - login => username:admin,password:123456
[2019-12-22T08:31:57.463] [DEBUG] cheese - admin
[2019-12-22T08:31:57.469] [DEBUG] cheese - null
[2019-12-22T08:31:57.469] [DEBUG] cheese - null
[2019-12-22T08:31:59.993] [DEBUG] cheese - login => username:admin,password:123456
[2019-12-22T08:31:59.993] [DEBUG] cheese - admin
[2019-12-22T08:31:59.996] [DEBUG] cheese - null
[2019-12-22T08:31:59.996] [DEBUG] cheese - null
[2019-12-22T08:32:43.364] [DEBUG] cheese - login => username:admin,password:123456
[2019-12-22T08:32:43.364] [DEBUG] cheese - admin
[2019-12-22T08:32:43.371] [DEBUG] cheese - null
[2019-12-22T08:32:43.372] [DEBUG] cheese - null
[2019-12-22T08:42:42.842] [DEBUG] cheese - login => username:admin,password:123456
[2019-12-22T08:42:42.842] [DEBUG] cheese - admin
[2019-12-22T08:42:42.849] [DEBUG] cheese - null
[2019-12-22T08:42:42.849] [DEBUG] cheese - null
[2019-12-22T08:49:43.443] [DEBUG] cheese - login => username:admin,password:123456
[2019-12-22T08:49:43.443] [DEBUG] cheese - admin
[2019-12-22T08:49:43.447] [DEBUG] cheese - null
[2019-12-22T08:49:43.447] [DEBUG] cheese - null
[2019-12-22T08:51:39.431] [DEBUG] cheese - login => username:admin,password:123456
[2019-12-22T08:51:39.432] [DEBUG] cheese - admin
[2019-12-22T08:51:39.439] [DEBUG] cheese - null
[2019-12-22T08:51:39.440] [DEBUG] cheese - null
[2019-12-22T08:53:28.800] [DEBUG] cheese - login => username:admin,password:123456
[2019-12-22T08:53:28.801] [DEBUG] cheese - admin
[2019-12-22T08:53:28.805] [DEBUG] cheese - null
[2019-12-22T08:53:28.805] [DEBUG] cheese - null
[2019-12-22T08:55:20.275] [DEBUG] cheese - login => username:admin,password:123456
[2019-12-22T08:55:20.276] [DEBUG] cheese - admin
[2019-12-22T08:55:20.283] [DEBUG] cheese - null
[2019-12-22T08:55:20.283] [DEBUG] cheese - null
[2019-12-22T09:00:17.108] [DEBUG] cheese - login => username:admin,password:123456
[2019-12-22T09:00:17.108] [DEBUG] cheese - admin
[2019-12-22T09:00:17.111] [DEBUG] cheese - null
[2019-12-22T09:00:17.111] [DEBUG] cheese - null
[2019-12-22T09:02:29.949] [DEBUG] cheese - login => username:admin,password:123456
[2019-12-22T09:02:29.949] [DEBUG] cheese - admin
[2019-12-22T09:02:29.956] [DEBUG] cheese - null
[2019-12-22T09:02:29.956] [DEBUG] cheese - null
[2019-12-22T09:04:14.722] [DEBUG] cheese - login => username:admin,password:123456
[2019-12-22T09:04:14.722] [DEBUG] cheese - admin
[2019-12-22T09:04:14.725] [DEBUG] cheese - null
[2019-12-22T09:04:14.725] [DEBUG] cheese - null
[2019-12-22T09:19:26.140] [DEBUG] cheese - login => username:admin,password:123456
[2019-12-22T09:19:26.140] [DEBUG] cheese - admin
[2019-12-22T09:19:26.146] [DEBUG] cheese - null
[2019-12-22T09:19:26.146] [DEBUG] cheese - null
[2019-12-22T09:19:38.798] [DEBUG] cheese - login => username:admin,password:123456
[2019-12-22T09:19:38.798] [DEBUG] cheese - admin
[2019-12-22T09:19:38.801] [DEBUG] cheese - null
[2019-12-22T09:19:38.801] [DEBUG] cheese - null
[2019-12-22T11:19:49.415] [DEBUG] cheese - login => username:admin,password:123456
[2019-12-22T11:19:49.416] [DEBUG] cheese - admin
[2019-12-22T11:19:49.537] [DEBUG] cheese - null
[2019-12-22T11:19:49.537] [DEBUG] cheese - null
[2019-12-22T11:20:18.123] [DEBUG] cheese - login => username:admin,password:123456
[2019-12-22T11:20:18.123] [DEBUG] cheese - admin
[2019-12-22T11:20:18.127] [DEBUG] cheese - null
[2019-12-22T11:20:18.127] [DEBUG] cheese - null
[2019-12-22T11:32:53.632] [DEBUG] cheese - login => username:admin,password:123456
[2019-12-22T11:32:53.632] [DEBUG] cheese - admin
[2019-12-22T11:32:53.635] [DEBUG] cheese - null
[2019-12-22T11:32:53.635] [DEBUG] cheese - null
[2019-12-22T11:40:01.314] [DEBUG] cheese - login => username:admin,password:123456
[2019-12-22T11:40:01.314] [DEBUG] cheese - admin
[2019-12-22T11:40:01.317] [DEBUG] cheese - null
[2019-12-22T11:40:01.317] [DEBUG] cheese - null
[2019-12-22T11:46:41.267] [DEBUG] cheese - login => username:admin,password:123456
[2019-12-22T11:46:41.267] [DEBUG] cheese - admin
[2019-12-22T11:46:41.269] [DEBUG] cheese - null
[2019-12-22T11:46:41.271] [DEBUG] cheese - null
[2019-12-22T12:04:58.010] [DEBUG] cheese - login => username:admin,password:123456
[2019-12-22T12:04:58.010] [DEBUG] cheese - admin
[2019-12-22T12:04:58.015] [DEBUG] cheese - null
[2019-12-22T12:04:58.016] [DEBUG] cheese - null
[2019-12-22T12:36:19.315] [DEBUG] cheese - login => username:admin,password:123456
[2019-12-22T12:36:19.316] [DEBUG] cheese - admin
[2019-12-22T12:36:19.326] [DEBUG] cheese - null
[2019-12-22T12:36:19.326] [DEBUG] cheese - null
[2019-12-22T12:46:33.394] [DEBUG] cheese - login => username:admin,password:123456
[2019-12-22T12:46:33.396] [DEBUG] cheese - admin
[2019-12-22T12:46:33.403] [DEBUG] cheese - null
[2019-12-22T12:46:33.403] [DEBUG] cheese - null
[2019-12-24T13:05:58.484] [DEBUG] cheese - login => username:admin,password:123456
[2019-12-24T13:05:58.487] [DEBUG] cheese - admin
[2019-12-24T13:05:58.600] [DEBUG] cheese - null
[2019-12-24T13:05:58.601] [DEBUG] cheese - null
[2019-12-24T13:51:40.617] [DEBUG] cheese - login => username:admin,password:123456
[2019-12-24T13:51:40.617] [DEBUG] cheese - admin
[2019-12-24T13:51:40.628] [DEBUG] cheese - null
[2019-12-24T13:51:40.628] [DEBUG] cheese - null
[2019-12-24T14:46:03.014] [DEBUG] cheese - login => username:admin,password:123456
[2019-12-24T14:46:03.014] [DEBUG] cheese - admin
[2019-12-24T14:46:03.020] [DEBUG] cheese - null
[2019-12-24T14:46:03.020] [DEBUG] cheese - null
[2019-12-24T22:40:32.617] [DEBUG] cheese - login => username:admin,password:123456
[2019-12-24T22:40:32.624] [DEBUG] cheese - admin
[2019-12-24T22:40:32.729] [DEBUG] cheese - null
[2019-12-24T22:40:32.730] [DEBUG] cheese - null
[2019-12-24T22:40:55.107] [DEBUG] cheese - login => username:admin,password:123456
[2019-12-24T22:40:55.107] [DEBUG] cheese - admin
[2019-12-24T22:40:55.110] [DEBUG] cheese - null
[2019-12-24T22:40:55.110] [DEBUG] cheese - null
[2019-12-25T00:56:18.606] [DEBUG] cheese - login => username:admin,password:123456
[2019-12-25T00:56:18.606] [DEBUG] cheese - admin
[2019-12-25T00:56:18.614] [DEBUG] cheese - null
[2019-12-25T00:56:18.614] [DEBUG] cheese - null
[2019-12-25T11:01:21.090] [DEBUG] cheese - login => username:admin,password:123456
[2019-12-25T11:01:21.091] [DEBUG] cheese - admin
[2019-12-25T11:01:21.163] [DEBUG] cheese - null
[2019-12-25T11:01:21.164] [DEBUG] cheese - null
[2019-12-26T20:56:35.487] [DEBUG] cheese - login => username:admin,password:123456
[2019-12-26T20:56:35.489] [DEBUG] cheese - admin
[2019-12-26T20:56:35.654] [DEBUG] cheese - null
[2019-12-26T20:56:35.654] [DEBUG] cheese - null
[2019-12-26T21:17:25.486] [DEBUG] cheese - login => username:admin,password:123456
[2019-12-26T21:17:25.486] [DEBUG] cheese - admin
[2019-12-26T21:17:25.494] [DEBUG] cheese - null
[2019-12-26T21:17:25.494] [DEBUG] cheese - null
[2019-12-26T21:23:24.680] [DEBUG] cheese - login => username:admin,password:123456
[2019-12-26T21:23:24.680] [DEBUG] cheese - admin
[2019-12-26T21:23:24.683] [DEBUG] cheese - null
[2019-12-26T21:23:24.683] [DEBUG] cheese - null
[2020-02-02T21:57:31.135] [DEBUG] cheese - login => username:admin,password:123456
[2020-02-02T21:57:31.136] [DEBUG] cheese - admin
[2020-02-02T21:57:31.208] [DEBUG] cheese - null
[2020-02-02T21:57:31.209] [DEBUG] cheese - null
[2020-03-06T23:16:44.692] [DEBUG] cheese - login => username:admin,password:123456
[2020-03-06T23:16:44.693] [DEBUG] cheese - admin
[2020-03-06T23:16:45.024] [DEBUG] cheese - null
[2020-03-06T23:16:45.025] [DEBUG] cheese - null
[2020-03-06T23:49:57.309] [DEBUG] cheese - login => username:admin,password:123456
[2020-03-06T23:49:57.310] [DEBUG] cheese - admin
[2020-03-06T23:49:57.413] [DEBUG] cheese - null
[2020-03-06T23:49:57.413] [DEBUG] cheese - null
[2020-03-07T00:21:07.654] [DEBUG] cheese - login => username:admin,password:123456
[2020-03-07T00:21:07.654] [DEBUG] cheese - admin
[2020-03-07T00:21:07.659] [DEBUG] cheese - null
[2020-03-07T00:21:07.659] [DEBUG] cheese - null
[2020-03-07T00:21:15.628] [DEBUG] cheese - login => username:admin,password:123456
[2020-03-07T00:21:15.628] [DEBUG] cheese - admin
[2020-03-07T00:21:15.634] [DEBUG] cheese - null
[2020-03-07T00:21:15.634] [DEBUG] cheese - null
[2020-03-07T00:40:48.978] [DEBUG] cheese - login => username:admin,password:123456
[2020-03-07T00:40:48.978] [DEBUG] cheese - admin
[2020-03-07T00:40:48.981] [DEBUG] cheese - null
[2020-03-07T00:40:48.982] [DEBUG] cheese - null
[2020-03-07T00:46:32.971] [DEBUG] cheese - login => username:admin,password:123456
[2020-03-07T00:46:32.971] [DEBUG] cheese - admin
[2020-03-07T00:46:32.974] [DEBUG] cheese - null
[2020-03-07T00:46:32.974] [DEBUG] cheese - null
[2020-03-07T21:46:17.913] [DEBUG] cheese - login => username:admin,password:123456
[2020-03-07T21:46:17.916] [DEBUG] cheese - admin
[2020-03-07T21:46:17.974] [DEBUG] cheese - null
[2020-03-07T21:46:17.974] [DEBUG] cheese - null
[2020-03-07T21:46:40.531] [DEBUG] cheese - login => username:admin,password:123456
[2020-03-07T21:46:40.531] [DEBUG] cheese - admin
[2020-03-07T21:46:40.535] [DEBUG] cheese - null
[2020-03-07T21:46:40.535] [DEBUG] cheese - null
[2020-03-07T22:10:55.193] [DEBUG] cheese - login => username:admin,password:123456
[2020-03-07T22:10:55.193] [DEBUG] cheese - admin
[2020-03-07T22:10:55.196] [DEBUG] cheese - null
[2020-03-07T22:10:55.197] [DEBUG] cheese - null
[2020-03-07T22:14:27.811] [DEBUG] cheese - login => username:admin,password:123456
[2020-03-07T22:14:27.811] [DEBUG] cheese - admin
[2020-03-07T22:14:27.814] [DEBUG] cheese - null
[2020-03-07T22:14:27.814] [DEBUG] cheese - null
[2020-03-07T22:40:10.471] [DEBUG] cheese - login => username:admin,password:123456
[2020-03-07T22:40:10.471] [DEBUG] cheese - admin
[2020-03-07T22:40:10.473] [DEBUG] cheese - null
[2020-03-07T22:40:10.473] [DEBUG] cheese - null
[2020-03-07T23:50:25.100] [DEBUG] cheese - login => username:admin,password:123456
[2020-03-07T23:50:25.101] [DEBUG] cheese - admin
[2020-03-07T23:50:25.105] [DEBUG] cheese - null
[2020-03-07T23:50:25.105] [DEBUG] cheese - null
[2020-03-07T23:50:47.132] [DEBUG] cheese - login => username:admin,password:123456
[2020-03-07T23:50:47.133] [DEBUG] cheese - admin
[2020-03-07T23:50:47.136] [DEBUG] cheese - null
[2020-03-07T23:50:47.136] [DEBUG] cheese - null
[2020-03-07T23:51:28.085] [DEBUG] cheese - login => username:admin,password:123456
[2020-03-07T23:51:28.085] [DEBUG] cheese - admin
[2020-03-07T23:51:28.090] [DEBUG] cheese - null
[2020-03-07T23:51:28.090] [DEBUG] cheese - null
[2020-03-07T23:52:08.023] [DEBUG] cheese - login => username:admin,password:123456
[2020-03-07T23:52:08.023] [DEBUG] cheese - admin
[2020-03-07T23:52:08.025] [DEBUG] cheese - null
[2020-03-07T23:52:08.026] [DEBUG] cheese - null
[2020-03-07T23:52:31.965] [DEBUG] cheese - login => username:admin,password:123456
[2020-03-07T23:52:31.965] [DEBUG] cheese - admin
[2020-03-07T23:52:31.967] [DEBUG] cheese - null
[2020-03-07T23:52:31.967] [DEBUG] cheese - null
[2020-03-08T00:05:43.942] [DEBUG] cheese - login => username:admin,password:123456
[2020-03-08T00:05:43.942] [DEBUG] cheese - admin
[2020-03-08T00:05:43.945] [DEBUG] cheese - null
[2020-03-08T00:05:43.945] [DEBUG] cheese - null
[2020-03-08T00:06:01.452] [DEBUG] cheese - login => username:admin,password:123456
[2020-03-08T00:06:01.452] [DEBUG] cheese - admin
[2020-03-08T00:06:01.454] [DEBUG] cheese - null
[2020-03-08T00:06:01.454] [DEBUG] cheese - null
[2020-03-08T00:06:18.337] [DEBUG] cheese - login => username:admin,password:123456
[2020-03-08T00:06:18.337] [DEBUG] cheese - admin
[2020-03-08T00:06:18.341] [DEBUG] cheese - null
[2020-03-08T00:06:18.341] [DEBUG] cheese - null
[2020-03-08T00:07:55.898] [DEBUG] cheese - login => username:admin,password:123456
[2020-03-08T00:07:55.898] [DEBUG] cheese - admin
[2020-03-08T00:07:55.901] [DEBUG] cheese - null
[2020-03-08T00:07:55.902] [DEBUG] cheese - null
[2020-03-08T00:11:23.657] [DEBUG] cheese - login => username:admin,password:123456
[2020-03-08T00:11:23.657] [DEBUG] cheese - admin
[2020-03-08T00:11:23.661] [DEBUG] cheese - null
[2020-03-08T00:11:23.661] [DEBUG] cheese - null
[2020-03-08T00:16:39.471] [DEBUG] cheese - login => username:admin,password:123456
[2020-03-08T00:16:39.471] [DEBUG] cheese - admin
[2020-03-08T00:16:39.474] [DEBUG] cheese - null
[2020-03-08T00:16:39.474] [DEBUG] cheese - null
[2020-03-08T00:20:00.692] [DEBUG] cheese - login => username:admin,password:123456
[2020-03-08T00:20:00.692] [DEBUG] cheese - admin
[2020-03-08T00:20:00.696] [DEBUG] cheese - null
[2020-03-08T00:20:00.696] [DEBUG] cheese - null
[2020-03-08T00:26:29.413] [DEBUG] cheese - login => username:admin,password:123456
[2020-03-08T00:26:29.413] [DEBUG] cheese - admin
[2020-03-08T00:26:29.419] [DEBUG] cheese - null
[2020-03-08T00:26:29.420] [DEBUG] cheese - null
[2020-03-08T00:36:41.131] [DEBUG] cheese - login => username:admin,password:123456
[2020-03-08T00:36:41.131] [DEBUG] cheese - admin
[2020-03-08T00:36:41.135] [DEBUG] cheese - null
[2020-03-08T00:36:41.135] [DEBUG] cheese - null
[2020-03-08T00:44:24.987] [DEBUG] cheese - login => username:admin,password:123456
[2020-03-08T00:44:24.987] [DEBUG] cheese - admin
[2020-03-08T00:44:24.998] [DEBUG] cheese - null
[2020-03-08T00:44:24.998] [DEBUG] cheese - null
[2020-03-08T00:46:34.724] [DEBUG] cheese - login => username:admin,password:123456
[2020-03-08T00:46:34.724] [DEBUG] cheese - admin
[2020-03-08T00:46:34.727] [DEBUG] cheese - null
[2020-03-08T00:46:34.727] [DEBUG] cheese - null
[2020-03-08T00:48:02.558] [DEBUG] cheese - login => username:admin,password:123456
[2020-03-08T00:48:02.559] [DEBUG] cheese - admin
[2020-03-08T00:48:02.561] [DEBUG] cheese - null
[2020-03-08T00:48:02.561] [DEBUG] cheese - null
[2020-03-08T00:49:05.648] [DEBUG] cheese - login => username:admin,password:123456
[2020-03-08T00:49:05.648] [DEBUG] cheese - admin
[2020-03-08T00:49:05.655] [DEBUG] cheese - null
[2020-03-08T00:49:05.655] [DEBUG] cheese - null
[2020-03-08T00:55:47.715] [DEBUG] cheese - login => username:admin,password:123456
[2020-03-08T00:55:47.715] [DEBUG] cheese - admin
[2020-03-08T00:55:47.720] [DEBUG] cheese - null
[2020-03-08T00:55:47.721] [DEBUG] cheese - null
[2020-03-08T00:57:03.743] [DEBUG] cheese - login => username:admin,password:123456
[2020-03-08T00:57:03.743] [DEBUG] cheese - admin
[2020-03-08T00:57:03.747] [DEBUG] cheese - null
[2020-03-08T00:57:03.747] [DEBUG] cheese - null
[2020-03-08T00:59:13.299] [DEBUG] cheese - login => username:admin,password:123456
[2020-03-08T00:59:13.299] [DEBUG] cheese - admin
[2020-03-08T00:59:13.306] [DEBUG] cheese - null
[2020-03-08T00:59:13.307] [DEBUG] cheese - null
[2020-03-08T00:59:46.079] [DEBUG] cheese - login => username:admin,password:123456
[2020-03-08T00:59:46.080] [DEBUG] cheese - admin
[2020-03-08T00:59:46.083] [DEBUG] cheese - null
[2020-03-08T00:59:46.083] [DEBUG] cheese - null
[2020-03-08T01:02:04.232] [DEBUG] cheese - login => username:admin,password:123456
[2020-03-08T01:02:04.233] [DEBUG] cheese - admin
[2020-03-08T01:02:04.234] [DEBUG] cheese - null
[2020-03-08T01:02:04.234] [DEBUG] cheese - null
[2020-03-08T01:02:49.435] [DEBUG] cheese - login => username:admin,password:123456
[2020-03-08T01:02:49.436] [DEBUG] cheese - admin
[2020-03-08T01:02:49.444] [DEBUG] cheese - null
[2020-03-08T01:02:49.444] [DEBUG] cheese - null
[2020-03-08T01:03:27.456] [DEBUG] cheese - login => username:admin,password:123456
[2020-03-08T01:03:27.457] [DEBUG] cheese - admin
[2020-03-08T01:03:27.462] [DEBUG] cheese - null
[2020-03-08T01:03:27.462] [DEBUG] cheese - null
[2020-03-08T01:05:32.515] [DEBUG] cheese - login => username:admin,password:123456
[2020-03-08T01:05:32.515] [DEBUG] cheese - admin
[2020-03-08T01:05:32.518] [DEBUG] cheese - null
[2020-03-08T01:05:32.518] [DEBUG] cheese - null
[2020-03-08T01:14:33.717] [DEBUG] cheese - login => username:admin,password:123456
[2020-03-08T01:14:33.717] [DEBUG] cheese - admin
[2020-03-08T01:14:33.723] [DEBUG] cheese - null
[2020-03-08T01:14:33.723] [DEBUG] cheese - null
[2020-03-08T01:14:45.243] [DEBUG] cheese - login => username:admin,password:123456
[2020-03-08T01:14:45.243] [DEBUG] cheese - admin
[2020-03-08T01:14:45.254] [DEBUG] cheese - null
[2020-03-08T01:14:45.254] [DEBUG] cheese - null
[2020-03-08T01:18:41.691] [DEBUG] cheese - login => username:admin,password:123456
[2020-03-08T01:18:41.691] [DEBUG] cheese - admin
[2020-03-08T01:18:41.694] [DEBUG] cheese - null
[2020-03-08T01:18:41.694] [DEBUG] cheese - null
[2020-03-08T01:18:50.985] [DEBUG] cheese - login => username:admin,password:123456
[2020-03-08T01:18:50.985] [DEBUG] cheese - admin
[2020-03-08T01:18:50.990] [DEBUG] cheese - null
[2020-03-08T01:18:50.990] [DEBUG] cheese - null
[2020-03-08T01:20:45.794] [DEBUG] cheese - login => username:admin,password:123456
[2020-03-08T01:20:45.794] [DEBUG] cheese - admin
[2020-03-08T01:20:45.796] [DEBUG] cheese - null
[2020-03-08T01:20:45.796] [DEBUG] cheese - null
[2020-03-08T01:20:52.215] [DEBUG] cheese - login => username:admin,password:123456
[2020-03-08T01:20:52.215] [DEBUG] cheese - admin
[2020-03-08T01:20:52.218] [DEBUG] cheese - null
[2020-03-08T01:20:52.218] [DEBUG] cheese - null
[2020-03-08T01:22:28.741] [DEBUG] cheese - login => username:admin,password:123456
[2020-03-08T01:22:28.741] [DEBUG] cheese - admin
[2020-03-08T01:22:28.744] [DEBUG] cheese - null
[2020-03-08T01:22:28.744] [DEBUG] cheese - null
[2020-03-08T01:23:52.525] [DEBUG] cheese - login => username:admin,password:123456
[2020-03-08T01:23:52.525] [DEBUG] cheese - admin
[2020-03-08T01:23:52.527] [DEBUG] cheese - null
[2020-03-08T01:23:52.527] [DEBUG] cheese - null
[2020-03-08T01:27:02.734] [DEBUG] cheese - login => username:admin,password:123456
[2020-03-08T01:27:02.734] [DEBUG] cheese - admin
[2020-03-08T01:27:02.739] [DEBUG] cheese - null
[2020-03-08T01:27:02.739] [DEBUG] cheese - null
[2020-03-08T01:27:06.506] [DEBUG] cheese - login => username:admin,password:123456
[2020-03-08T01:27:06.506] [DEBUG] cheese - admin
[2020-03-08T01:27:06.512] [DEBUG] cheese - null
[2020-03-08T01:27:06.512] [DEBUG] cheese - null
[2020-03-08T01:30:33.627] [DEBUG] cheese - login => username:admin,password:123456
[2020-03-08T01:30:33.627] [DEBUG] cheese - admin
[2020-03-08T01:30:33.630] [DEBUG] cheese - null
[2020-03-08T01:30:33.630] [DEBUG] cheese - null
[2020-03-08T01:30:37.701] [DEBUG] cheese - login => username:admin,password:123456
[2020-03-08T01:30:37.701] [DEBUG] cheese - admin
[2020-03-08T01:30:37.706] [DEBUG] cheese - null
[2020-03-08T01:30:37.706] [DEBUG] cheese - null
[2020-03-08T01:31:10.457] [DEBUG] cheese - login => username:admin,password:123456
[2020-03-08T01:31:10.457] [DEBUG] cheese - admin
[2020-03-08T01:31:10.461] [DEBUG] cheese - null
[2020-03-08T01:31:10.461] [DEBUG] cheese - null
[2020-03-08T01:31:26.520] [DEBUG] cheese - login => username:admin,password:123456
[2020-03-08T01:31:26.520] [DEBUG] cheese - admin
[2020-03-08T01:31:26.541] [DEBUG] cheese - null
[2020-03-08T01:31:26.541] [DEBUG] cheese - null
[2020-03-08T01:31:33.810] [DEBUG] cheese - login => username:admin,password:123456
[2020-03-08T01:31:33.810] [DEBUG] cheese - admin
[2020-03-08T01:31:33.812] [DEBUG] cheese - null
[2020-03-08T01:31:33.812] [DEBUG] cheese - null
[2020-03-08T13:23:29.830] [DEBUG] cheese - login => username:admin,password:123456
[2020-03-08T13:23:29.831] [DEBUG] cheese - admin
[2020-03-08T13:23:29.835] [DEBUG] cheese - null
[2020-03-08T13:23:29.835] [DEBUG] cheese - null
[2020-03-08T13:24:17.030] [DEBUG] cheese - login => username:admin,password:123456
[2020-03-08T13:24:17.030] [DEBUG] cheese - admin
[2020-03-08T13:24:17.032] [DEBUG] cheese - null
[2020-03-08T13:24:17.032] [DEBUG] cheese - null
[2020-03-08T14:28:22.506] [DEBUG] cheese - login => username:admin,password:123456
[2020-03-08T14:28:22.506] [DEBUG] cheese - admin
[2020-03-08T14:28:22.515] [DEBUG] cheese - null
[2020-03-08T14:28:22.515] [DEBUG] cheese - null
[2020-03-08T14:34:26.115] [DEBUG] cheese - login => username:admin,password:123456
[2020-03-08T14:34:26.115] [DEBUG] cheese - admin
[2020-03-08T14:34:26.121] [DEBUG] cheese - null
[2020-03-08T14:34:26.121] [DEBUG] cheese - null
[2020-03-08T14:35:34.637] [DEBUG] cheese - login => username:admin,password:123456
[2020-03-08T14:35:34.637] [DEBUG] cheese - admin
[2020-03-08T14:35:34.641] [DEBUG] cheese - null
[2020-03-08T14:35:34.641] [DEBUG] cheese - null
[2020-03-08T14:38:51.253] [DEBUG] cheese - login => username:admin,password:123456
[2020-03-08T14:38:51.253] [DEBUG] cheese - admin
[2020-03-08T14:38:51.258] [DEBUG] cheese - null
[2020-03-08T14:38:51.258] [DEBUG] cheese - null
[2020-03-08T14:40:28.202] [DEBUG] cheese - login => username:admin,password:123456
[2020-03-08T14:40:28.202] [DEBUG] cheese - admin
[2020-03-08T14:40:28.215] [DEBUG] cheese - null
[2020-03-08T14:40:28.215] [DEBUG] cheese - null
[2020-03-08T14:43:19.179] [DEBUG] cheese - login => username:admin,password:123456
[2020-03-08T14:43:19.179] [DEBUG] cheese - admin
[2020-03-08T14:43:19.212] [DEBUG] cheese - null
[2020-03-08T14:43:19.213] [DEBUG] cheese - null
[2020-03-08T14:45:41.862] [DEBUG] cheese - login => username:admin,password:123456
[2020-03-08T14:45:41.862] [DEBUG] cheese - admin
[2020-03-08T14:45:41.870] [DEBUG] cheese - null
[2020-03-08T14:45:41.870] [DEBUG] cheese - null
[2020-03-08T14:49:28.507] [DEBUG] cheese - login => username:admin,password:123456
[2020-03-08T14:49:28.508] [DEBUG] cheese - admin
[2020-03-08T14:49:28.511] [DEBUG] cheese - null
[2020-03-08T14:49:28.511] [DEBUG] cheese - null
[2020-03-08T14:49:56.885] [DEBUG] cheese - login => username:admin,password:123456
[2020-03-08T14:49:56.885] [DEBUG] cheese - admin
[2020-03-08T14:49:56.890] [DEBUG] cheese - null
[2020-03-08T14:49:56.890] [DEBUG] cheese - null
[2020-03-08T14:51:39.024] [DEBUG] cheese - login => username:admin,password:123456
[2020-03-08T14:51:39.025] [DEBUG] cheese - admin
[2020-03-08T14:51:39.029] [DEBUG] cheese - null
[2020-03-08T14:51:39.029] [DEBUG] cheese - null
[2020-03-08T14:56:49.551] [DEBUG] cheese - login => username:admin,password:123456
[2020-03-08T14:56:49.551] [DEBUG] cheese - admin
[2020-03-08T14:56:49.554] [DEBUG] cheese - null
[2020-03-08T14:56:49.554] [DEBUG] cheese - null
[2020-03-08T14:57:50.073] [DEBUG] cheese - login => username:admin,password:123456
[2020-03-08T14:57:50.074] [DEBUG] cheese - admin
[2020-03-08T14:57:50.079] [DEBUG] cheese - null
[2020-03-08T14:57:50.079] [DEBUG] cheese - null
[2020-03-08T15:01:29.336] [DEBUG] cheese - login => username:admin,password:123456
[2020-03-08T15:01:29.336] [DEBUG] cheese - admin
[2020-03-08T15:01:29.340] [DEBUG] cheese - null
[2020-03-08T15:01:29.340] [DEBUG] cheese - null
[2020-03-08T15:01:41.498] [DEBUG] cheese - login => username:admin,password:123456
[2020-03-08T15:01:41.498] [DEBUG] cheese - admin
[2020-03-08T15:01:41.501] [DEBUG] cheese - null
[2020-03-08T15:01:41.501] [DEBUG] cheese - null
[2020-03-08T15:02:03.383] [DEBUG] cheese - login => username:admin,password:123456
[2020-03-08T15:02:03.383] [DEBUG] cheese - admin
[2020-03-08T15:02:03.386] [DEBUG] cheese - null
[2020-03-08T15:02:03.386] [DEBUG] cheese - null
[2020-03-08T16:31:44.156] [DEBUG] cheese - login => username:admin,password:123456
[2020-03-08T16:31:44.157] [DEBUG] cheese - admin
[2020-03-08T16:31:44.162] [DEBUG] cheese - null
[2020-03-08T16:31:44.162] [DEBUG] cheese - null
[2020-03-08T16:37:57.306] [DEBUG] cheese - login => username:admin,password:123456
[2020-03-08T16:37:57.306] [DEBUG] cheese - admin
[2020-03-08T16:37:57.309] [DEBUG] cheese - null
[2020-03-08T16:37:57.310] [DEBUG] cheese - null
[2020-03-08T17:01:36.163] [DEBUG] cheese - login => username:admin,password:123456
[2020-03-08T17:01:36.163] [DEBUG] cheese - admin
[2020-03-08T17:01:36.167] [DEBUG] cheese - null
[2020-03-08T17:01:36.167] [DEBUG] cheese - null
[2020-03-08T17:28:17.422] [DEBUG] cheese - login => username:admin,password:123456
[2020-03-08T17:28:17.422] [DEBUG] cheese - admin
[2020-03-08T17:28:17.440] [DEBUG] cheese - null
[2020-03-08T17:28:17.440] [DEBUG] cheese - null
[2020-03-08T18:06:43.909] [DEBUG] cheese - login => username:admin,password:123456
[2020-03-08T18:06:43.909] [DEBUG] cheese - admin
[2020-03-08T18:06:43.918] [DEBUG] cheese - null
[2020-03-08T18:06:43.918] [DEBUG] cheese - null
[2020-03-08T21:34:50.717] [DEBUG] cheese - login => username:admin,password:123456
[2020-03-08T21:34:50.718] [DEBUG] cheese - admin
[2020-03-08T21:34:50.726] [DEBUG] cheese - null
[2020-03-08T21:34:50.726] [DEBUG] cheese - null
[2020-03-08T21:40:24.441] [DEBUG] cheese - login => username:admin,password:123456
[2020-03-08T21:40:24.441] [DEBUG] cheese - admin
[2020-03-08T21:40:24.443] [DEBUG] cheese - null
[2020-03-08T21:40:24.444] [DEBUG] cheese - null
[2020-03-09T03:46:18.670] [DEBUG] cheese - login => username:admin,password:123456
[2020-03-09T03:46:18.672] [DEBUG] cheese - admin
[2020-03-09T03:46:18.681] [DEBUG] cheese - null
[2020-03-09T03:46:18.681] [DEBUG] cheese - null
[2020-03-09T04:07:52.086] [DEBUG] cheese - login => username:admin,password:123456
[2020-03-09T04:07:52.086] [DEBUG] cheese - admin
[2020-03-09T04:07:52.106] [DEBUG] cheese - null
[2020-03-09T04:07:52.106] [DEBUG] cheese - null
[2020-03-09T04:30:52.311] [DEBUG] cheese - login => username:admin,password:123456
[2020-03-09T04:30:52.311] [DEBUG] cheese - admin
[2020-03-09T04:30:52.317] [DEBUG] cheese - null
[2020-03-09T04:30:52.318] [DEBUG] cheese - null
[2020-03-09T04:38:30.615] [DEBUG] cheese - login => username:admin,password:123456
[2020-03-09T04:38:30.615] [DEBUG] cheese - admin
[2020-03-09T04:38:30.617] [DEBUG] cheese - null
[2020-03-09T04:38:30.618] [DEBUG] cheese - null
[2020-03-09T04:39:29.781] [DEBUG] cheese - null
[2020-03-09T04:39:35.343] [DEBUG] cheese - null
[2020-03-09T04:40:05.148] [DEBUG] cheese - null
[2020-03-09T04:40:08.329] [DEBUG] cheese - null
[2020-03-09T04:41:49.916] [DEBUG] cheese - login => username:admin,password:123456
[2020-03-09T04:41:49.916] [DEBUG] cheese - admin
[2020-03-09T04:41:49.920] [DEBUG] cheese - null
[2020-03-09T04:41:49.920] [DEBUG] cheese - null
[2020-03-09T04:41:58.695] [DEBUG] cheese - null
[2020-03-09T04:42:03.953] [DEBUG] cheese - null
[2020-03-09T04:42:27.608] [DEBUG] cheese - null
[2020-03-09T04:42:42.785] [DEBUG] cheese - null
[2020-03-09T04:42:45.081] [DEBUG] cheese - null
[2020-03-09T04:42:46.906] [DEBUG] cheese - null
[2020-03-09T04:48:52.463] [DEBUG] cheese - null
[2020-03-09T04:58:16.990] [DEBUG] cheese - null
[2020-03-09T05:02:25.914] [DEBUG] cheese - null
[2020-03-09T05:02:28.843] [DEBUG] cheese - null
[2020-03-09T05:02:31.666] [DEBUG] cheese - null
[2020-03-09T05:02:36.380] [DEBUG] cheese - null
[2020-03-09T05:02:41.719] [DEBUG] cheese - null
[2020-03-10T20:44:12.124] [DEBUG] cheese - login => username:admin,password:123456
[2020-03-10T20:44:12.126] [DEBUG] cheese - admin
[2020-03-10T20:44:12.181] [DEBUG] cheese - null
[2020-03-10T20:44:12.181] [DEBUG] cheese - null
[2020-03-10T21:43:02.516] [DEBUG] cheese - login => username:admin,password:123456
[2020-03-10T21:43:02.517] [DEBUG] cheese - admin
[2020-03-10T21:43:02.521] [DEBUG] cheese - null
[2020-03-10T21:43:02.522] [DEBUG] cheese - null
[2020-03-10T21:58:46.675] [DEBUG] cheese - login => username:admin,password:123456
[2020-03-10T21:58:46.676] [DEBUG] cheese - admin
[2020-03-10T21:58:46.678] [DEBUG] cheese - null
[2020-03-10T21:58:46.678] [DEBUG] cheese - null
[2020-03-10T22:00:10.464] [DEBUG] cheese - login => username:admin,password:123456
[2020-03-10T22:00:10.464] [DEBUG] cheese - admin
[2020-03-10T22:00:10.468] [DEBUG] cheese - null
[2020-03-10T22:00:10.468] [DEBUG] cheese - null
[2020-03-12T10:11:42.467] [DEBUG] cheese - login => username:admin,password:123456
[2020-03-12T10:11:42.468] [DEBUG] cheese - admin
[2020-03-12T10:11:42.608] [DEBUG] cheese - null
[2020-03-12T10:11:42.608] [DEBUG] cheese - null
[2020-03-12T10:12:32.627] [DEBUG] cheese - null
[2020-03-12T10:13:09.049] [DEBUG] cheese - login => username:admin,password:123456
[2020-03-12T10:13:09.050] [DEBUG] cheese - admin
[2020-03-12T10:13:09.068] [DEBUG] cheese - null
[2020-03-12T10:13:09.069] [DEBUG] cheese - null
[2020-03-12T10:51:54.998] [DEBUG] cheese - login => username:admin,password:123456
[2020-03-12T10:51:54.999] [DEBUG] cheese - admin
[2020-03-12T10:51:55.002] [DEBUG] cheese - null
[2020-03-12T10:51:55.002] [DEBUG] cheese - null
[2020-03-12T11:29:16.727] [DEBUG] cheese - login => username:admin,password:123456
[2020-03-12T11:29:16.727] [DEBUG] cheese - admin
[2020-03-12T11:29:16.732] [DEBUG] cheese - null
[2020-03-12T11:29:16.732] [DEBUG] cheese - null
[2020-03-12T13:03:36.050] [DEBUG] cheese - login => username:admin,password:123456
[2020-03-12T13:03:36.053] [DEBUG] cheese - admin
[2020-03-12T13:03:36.167] [DEBUG] cheese - null
[2020-03-12T13:03:36.167] [DEBUG] cheese - null
[2020-03-12T13:21:37.987] [DEBUG] cheese - login => username:admin,password:123456
[2020-03-12T13:21:37.987] [DEBUG] cheese - admin
[2020-03-12T13:21:37.991] [DEBUG] cheese - null
[2020-03-12T13:21:37.991] [DEBUG] cheese - null
[2020-03-12T13:46:25.348] [DEBUG] cheese - login => username:admin,password:123456
[2020-03-12T13:46:25.348] [DEBUG] cheese - admin
[2020-03-12T13:46:25.351] [DEBUG] cheese - null
[2020-03-12T13:46:25.351] [DEBUG] cheese - null
[2020-03-12T13:48:17.449] [DEBUG] cheese - null
[2020-03-12T13:51:51.802] [DEBUG] cheese - null
[2020-03-12T14:04:42.184] [DEBUG] cheese - login => username:admin,password:123456
[2020-03-12T14:04:42.184] [DEBUG] cheese - admin
[2020-03-12T14:04:42.189] [DEBUG] cheese - null
[2020-03-12T14:04:42.189] [DEBUG] cheese - null
[2020-03-12T21:19:12.073] [DEBUG] cheese - login => username:admin,password:123456
[2020-03-12T21:19:12.079] [DEBUG] cheese - admin
[2020-03-12T21:19:12.085] [DEBUG] cheese - null
[2020-03-12T21:19:12.086] [DEBUG] cheese - null
[2020-03-12T21:53:23.839] [DEBUG] cheese - login => username:admin,password:123456
[2020-03-12T21:53:23.839] [DEBUG] cheese - admin
[2020-03-12T21:53:23.849] [DEBUG] cheese - null
[2020-03-12T21:53:23.849] [DEBUG] cheese - null
[2020-03-12T22:32:21.521] [DEBUG] cheese - login => username:admin,password:123456
[2020-03-12T22:32:21.522] [DEBUG] cheese - admin
[2020-03-12T22:32:21.525] [DEBUG] cheese - null
[2020-03-12T22:32:21.525] [DEBUG] cheese - null
[2020-03-13T02:10:39.269] [DEBUG] cheese - login => username:admin,password:123456
[2020-03-13T02:10:39.271] [DEBUG] cheese - admin
[2020-03-13T02:10:39.369] [DEBUG] cheese - null
[2020-03-13T02:10:39.369] [DEBUG] cheese - null
[2020-03-19T05:47:23.248] [DEBUG] cheese - login => username:admin,password:123456
[2020-03-19T05:47:23.251] [DEBUG] cheese - admin
[2020-03-19T05:47:23.276] [DEBUG] cheese - null
[2020-03-19T05:47:23.277] [DEBUG] cheese - null
[2020-03-26T21:46:05.006] [DEBUG] cheese - login => username:admin,password:123456
[2020-03-26T21:46:05.008] [DEBUG] cheese - admin
[2020-03-26T21:46:05.022] [DEBUG] cheese - null
[2020-03-26T21:46:05.023] [DEBUG] cheese - null
[2020-03-26T21:47:29.329] [DEBUG] cheese - null
[2020-03-26T22:06:21.227] [DEBUG] cheese - login => username:admin,password:123456
[2020-03-26T22:06:21.227] [DEBUG] cheese - admin
[2020-03-26T22:06:21.240] [DEBUG] cheese - null
[2020-03-26T22:06:21.241] [DEBUG] cheese - null
[2020-03-26T23:29:29.431] [DEBUG] cheese - null
[2020-03-26T23:29:31.086] [DEBUG] cheese - null
[2020-03-27T00:07:13.393] [DEBUG] cheese - login => username:admin,password:123456
[2020-03-27T00:07:13.393] [DEBUG] cheese - admin
[2020-03-27T00:07:13.396] [DEBUG] cheese - null
[2020-03-27T00:07:13.396] [DEBUG] cheese - null
[2020-03-27T08:50:00.531] [DEBUG] cheese - login => username:admin,password:123456
[2020-03-27T08:50:00.532] [DEBUG] cheese - admin
[2020-03-27T08:50:00.546] [DEBUG] cheese - null
[2020-03-27T08:50:00.546] [DEBUG] cheese - null
[2020-03-27T10:01:12.429] [DEBUG] cheese - login => username:admin,password:123456
[2020-03-27T10:01:12.429] [DEBUG] cheese - admin
[2020-03-27T10:01:12.434] [DEBUG] cheese - null
[2020-03-27T10:01:12.434] [DEBUG] cheese - null
[2020-03-27T10:23:36.046] [DEBUG] cheese - login => username:admin,password:123456
[2020-03-27T10:23:36.046] [DEBUG] cheese - admin
[2020-03-27T10:23:36.049] [DEBUG] cheese - null
[2020-03-27T10:23:36.049] [DEBUG] cheese - null
[2020-03-27T14:45:47.714] [DEBUG] cheese - login => username:admin,password:123456
[2020-03-27T14:45:47.715] [DEBUG] cheese - admin
[2020-03-27T14:45:47.722] [DEBUG] cheese - null
[2020-03-27T14:45:47.722] [DEBUG] cheese - null
[2020-03-28T00:41:58.199] [DEBUG] cheese - login => username:admin,password:123456
[2020-03-28T00:41:58.203] [DEBUG] cheese - admin
[2020-03-28T00:41:58.213] [DEBUG] cheese - null
[2020-03-28T00:41:58.215] [DEBUG] cheese - null
[2020-03-30T12:49:59.610] [DEBUG] cheese - login => username:admin,password:123456
[2020-03-30T12:49:59.612] [DEBUG] cheese - admin
[2020-03-30T12:49:59.629] [DEBUG] cheese - null
[2020-03-30T12:49:59.629] [DEBUG] cheese - null
[2020-03-30T20:51:57.349] [DEBUG] cheese - login => username:admin,password:123456
[2020-03-30T20:51:57.353] [DEBUG] cheese - admin
[2020-03-30T20:51:57.371] [DEBUG] cheese - login => username:admin,password:123456
[2020-03-30T20:51:57.371] [DEBUG] cheese - admin
[2020-03-30T20:51:57.378] [DEBUG] cheese - login => username:admin,password:123456
[2020-03-30T20:51:57.378] [DEBUG] cheese - admin
[2020-03-30T20:51:57.388] [DEBUG] cheese - null
[2020-03-30T20:51:57.389] [DEBUG] cheese - null
[2020-03-30T20:51:57.514] [DEBUG] cheese - null
[2020-03-30T20:51:57.514] [DEBUG] cheese - null
[2020-03-30T20:51:57.654] [DEBUG] cheese - null
[2020-03-30T20:51:57.654] [DEBUG] cheese - null
[2020-03-30T22:10:40.110] [DEBUG] cheese - login => username:admin,password:123456
[2020-03-30T22:10:40.112] [DEBUG] cheese - admin
[2020-03-30T22:10:40.116] [DEBUG] cheese - null
[2020-03-30T22:10:40.117] [DEBUG] cheese - null
[2020-03-30T22:32:10.169] [DEBUG] cheese - login => username:admin,password:123456
[2020-03-30T22:32:10.171] [DEBUG] cheese - admin
[2020-03-30T22:32:10.205] [DEBUG] cheese - null
[2020-03-30T22:32:10.206] [DEBUG] cheese - null
